<?xml version="1.0" encoding="UTF-8"?>
<!-- Generated by org.testng.reporters.JUnitXMLReporter -->
<testsuite hostname="wsl123" ignored="0" name="testDemo1" tests="12" failures="3" timestamp="21 一月 2018 08:11:22 GMT" time="90.977" errors="0">
  <testcase name="TestCase" time="0.935" classname="apitest.ApiTestNgTest">
    <skipped/>
  </testcase> <!-- TestCase -->
  <testcase name="TestCase" time="0.043" classname="apitest.ApiTestNgTest">
    <skipped/>
  </testcase> <!-- TestCase -->
  <testcase name="TestCase" time="0.022" classname="apitest.ApiTestNgTest">
    <skipped/>
  </testcase> <!-- TestCase -->
  <testcase name="TestCase" time="0.032" classname="apitest.ApiTestNgTest">
    <failure type="java.lang.AssertionError" message="expected [true] but found [false]">
      <![CDATA[java.lang.AssertionError: expected [true] but found [false]at apitest.ApiTestNgTest.TestCase(ApiTestNgTest.java:42)... Removed 29 stack frames]]>
    </failure>
  </testcase> <!-- TestCase -->
  <testcase name="TestCase" time="0.031" classname="apitest.ApiTestNgTest">
    <skipped/>
  </testcase> <!-- TestCase -->
  <testcase name="TestCase" time="0.019" classname="apitest.ApiTestNgTest">
    <skipped/>
  </testcase> <!-- TestCase -->
  <testcase name="TestCase" time="0.017" classname="apitest.ApiTestNgTest">
    <skipped/>
  </testcase> <!-- TestCase -->
  <testcase name="TestCase" time="0.018" classname="apitest.ApiTestNgTest">
    <failure type="java.lang.AssertionError" message="expected [true] but found [false]">
      <![CDATA[java.lang.AssertionError: expected [true] but found [false]at apitest.ApiTestNgTest.TestCase(ApiTestNgTest.java:42)... Removed 29 stack frames]]>
    </failure>
  </testcase> <!-- TestCase -->
  <testcase name="TestCase" time="0.059" classname="apitest.ApiTestNgTest">
    <skipped/>
  </testcase> <!-- TestCase -->
  <testcase name="TestCase" time="0.078" classname="apitest.ApiTestNgTest">
    <skipped/>
  </testcase> <!-- TestCase -->
  <testcase name="TestCase" time="0.027" classname="apitest.ApiTestNgTest">
    <skipped/>
  </testcase> <!-- TestCase -->
  <testcase name="TestCase" time="0.026" classname="apitest.ApiTestNgTest">
    <failure type="java.lang.AssertionError" message="expected [true] but found [false]">
      <![CDATA[java.lang.AssertionError: expected [true] but found [false]at apitest.ApiTestNgTest.TestCase(ApiTestNgTest.java:42)... Removed 29 stack frames]]>
    </failure>
  </testcase> <!-- TestCase -->
</testsuite> <!-- testDemo1 -->
