<?xml version="1.0" encoding="UTF-8"?>
<testsuite xmlns:xsi="http://www.w3.org/2001/XMLSchema-instance" xsi:noNamespaceSchemaLocation="https://maven.apache.org/surefire/maven-surefire-plugin/xsd/surefire-test-report.xsd" name="TestSuite" time="44.873" tests="12" errors="0" skipped="9" failures="3">
  <properties>
[...]
</properties>
  <testcase name="TestCase" classname="apitest.ApiTestNgTest" time="0">
    <skipped message="IO error,Connect to 59.110.139.20:8080 [/59.110.139.20] failed: connect timed out"/>
    <system-out><![CDATA[[TestNGContentHandler] [WARN] It is strongly recommended to add "<!DOCTYPE suite SYSTEM "http://testng.org/testng-1.0.dtd" >" at the top of your file, otherwise TestNG may fail or not work as expected.
[TestNG] [WARN] Ignoring duplicate listener : org.uncommons.reportng.HTMLReporter
[TestNG] [WARN] Ignoring duplicate listener : org.uncommons.reportng.JUnitXMLReporter
[TestNG] [WARN] AnnotationTransformer already set
thread----main
TestCase [type=get, url=http://59.110.139.20:8080/goods/UserServlet?method=loginMobile&loginname=test1&loginpass=test1, params=null, header=token=11;user=123;, result=null, check=$.code=1, correlation=id=$.uid]
TestCase [type=get, url=http://59.110.139.20:8080/goods/UserServlet?method=loginMobile&loginname=test1&loginpass=test1, params=null, header=token=11;user=123;, result=null, check=$.code=1, correlation=id=$.uid] ---- 1
方法<TestCase>执行失败，重试第1次
]]></system-out>
  </testcase>
  <testcase name="TestCase" classname="apitest.ApiTestNgTest" time="0">
    <skipped message="IO error,Connect to 59.110.139.20:8080 [/59.110.139.20] failed: connect timed out"/>
    <system-out><![CDATA[thread----main
TestCase [type=get, url=http://59.110.139.20:8080/goods/UserServlet?method=loginMobile&loginname=test1&loginpass=test1, params=null, header=token=11;user=123;, result=null, check=$.code=1, correlation=id=$.uid]
TestCase [type=get, url=http://59.110.139.20:8080/goods/UserServlet?method=loginMobile&loginname=test1&loginpass=test1, params=null, header=token=11;user=123;, result=null, check=$.code=1, correlation=id=$.uid] ---- 2
方法<TestCase>执行失败，重试第2次
]]></system-out>
  </testcase>
  <testcase name="TestCase" classname="apitest.ApiTestNgTest" time="0">
    <skipped message="IO error,Connect to 59.110.139.20:8080 [/59.110.139.20] failed: connect timed out"/>
    <system-out><![CDATA[thread----main
TestCase [type=get, url=http://59.110.139.20:8080/goods/UserServlet?method=loginMobile&loginname=test1&loginpass=test1, params=null, header=token=11;user=123;, result=null, check=$.code=1, correlation=id=$.uid]
TestCase [type=get, url=http://59.110.139.20:8080/goods/UserServlet?method=loginMobile&loginname=test1&loginpass=test1, params=null, header=token=11;user=123;, result=null, check=$.code=1, correlation=id=$.uid] ---- 3
方法<TestCase>执行失败，重试第3次
]]></system-out>
  </testcase>
  <testcase name="TestCase" classname="apitest.ApiTestNgTest" time="5.023">
    <failure message="IO error,Connect to 59.110.139.20:8080 [/59.110.139.20] failed: connect timed out" type="http.HttpClientException">http.HttpClientException: IO error,Connect to 59.110.139.20:8080 [/59.110.139.20] failed: connect timed out
	at apitest.ApiTestNgTest.TestCase(ApiTestNgTest.java:31)
</failure>
    <system-out><![CDATA[thread----main
TestCase [type=get, url=http://59.110.139.20:8080/goods/UserServlet?method=loginMobile&loginname=test1&loginpass=test1, params=null, header=token=11;user=123;, result=null, check=$.code=1, correlation=id=$.uid]
TestCase [type=get, url=http://59.110.139.20:8080/goods/UserServlet?method=loginMobile&loginname=test1&loginpass=test1, params=null, header=token=11;user=123;, result=null, check=$.code=1, correlation=id=$.uid] ---- 4
]]></system-out>
  </testcase>
  <testcase name="TestCase" classname="apitest.ApiTestNgTest" time="0">
    <skipped message="IO error,Connect to 59.110.139.20:8080 [/59.110.139.20] failed: connect timed out"/>
    <system-out><![CDATA[thread----main
TestCase [type=postjson, url=http://59.110.139.20:8080/goods/json2, params={"count":10}, header=token=61b3590090982a0185dda9d3bd793b46, result=null, check=null, correlation=name_*=$..name;pwd_*=$..pwd]
TestCase [type=postjson, url=http://59.110.139.20:8080/goods/json2, params={"count":10}, header=token=61b3590090982a0185dda9d3bd793b46, result=null, check=null, correlation=name_*=$..name;pwd_*=$..pwd] ---- 1
方法<TestCase>执行失败，重试第1次
]]></system-out>
  </testcase>
  <testcase name="TestCase" classname="apitest.ApiTestNgTest" time="0">
    <skipped message="IO error,Connect to 59.110.139.20:8080 [/59.110.139.20] failed: connect timed out"/>
    <system-out><![CDATA[thread----main
TestCase [type=postjson, url=http://59.110.139.20:8080/goods/json2, params={"count":10}, header=token=61b3590090982a0185dda9d3bd793b46, result=null, check=null, correlation=name_*=$..name;pwd_*=$..pwd]
TestCase [type=postjson, url=http://59.110.139.20:8080/goods/json2, params={"count":10}, header=token=61b3590090982a0185dda9d3bd793b46, result=null, check=null, correlation=name_*=$..name;pwd_*=$..pwd] ---- 2
方法<TestCase>执行失败，重试第2次
]]></system-out>
  </testcase>
  <testcase name="TestCase" classname="apitest.ApiTestNgTest" time="0">
    <skipped message="IO error,Connect to 59.110.139.20:8080 [/59.110.139.20] failed: connect timed out"/>
    <system-out><![CDATA[thread----main
TestCase [type=postjson, url=http://59.110.139.20:8080/goods/json2, params={"count":10}, header=token=61b3590090982a0185dda9d3bd793b46, result=null, check=null, correlation=name_*=$..name;pwd_*=$..pwd]
TestCase [type=postjson, url=http://59.110.139.20:8080/goods/json2, params={"count":10}, header=token=61b3590090982a0185dda9d3bd793b46, result=null, check=null, correlation=name_*=$..name;pwd_*=$..pwd] ---- 3
方法<TestCase>执行失败，重试第3次
]]></system-out>
  </testcase>
  <testcase name="TestCase" classname="apitest.ApiTestNgTest" time="5.004">
    <failure message="IO error,Connect to 59.110.139.20:8080 [/59.110.139.20] failed: connect timed out" type="http.HttpClientException">http.HttpClientException: IO error,Connect to 59.110.139.20:8080 [/59.110.139.20] failed: connect timed out
	at apitest.ApiTestNgTest.TestCase(ApiTestNgTest.java:35)
</failure>
    <system-out><![CDATA[thread----main
TestCase [type=postjson, url=http://59.110.139.20:8080/goods/json2, params={"count":10}, header=token=61b3590090982a0185dda9d3bd793b46, result=null, check=null, correlation=name_*=$..name;pwd_*=$..pwd]
TestCase [type=postjson, url=http://59.110.139.20:8080/goods/json2, params={"count":10}, header=token=61b3590090982a0185dda9d3bd793b46, result=null, check=null, correlation=name_*=$..name;pwd_*=$..pwd] ---- 4
]]></system-out>
  </testcase>
  <testcase name="TestCase" classname="apitest.ApiTestNgTest" time="0">
    <skipped/>
    <system-out><![CDATA[thread----main
${id}
----------
id
TestCase [type=get, url=http://www.baidu.com?pid=${id}&test=${name_g1}, params=null, header=null, result=null, check=null, correlation=null] ---- 1
方法<TestCase>执行失败，重试第1次
]]></system-out>
  </testcase>
  <testcase name="TestCase" classname="apitest.ApiTestNgTest" time="0">
    <skipped/>
    <system-out><![CDATA[thread----main
${id}
----------
id
TestCase [type=get, url=http://www.baidu.com?pid=${id}&test=${name_g1}, params=null, header=null, result=null, check=null, correlation=null] ---- 2
方法<TestCase>执行失败，重试第2次
]]></system-out>
  </testcase>
  <testcase name="TestCase" classname="apitest.ApiTestNgTest" time="0">
    <skipped/>
    <system-out><![CDATA[thread----main
${id}
----------
id
TestCase [type=get, url=http://www.baidu.com?pid=${id}&test=${name_g1}, params=null, header=null, result=null, check=null, correlation=null] ---- 3
方法<TestCase>执行失败，重试第3次
]]></system-out>
  </testcase>
  <testcase name="TestCase" classname="apitest.ApiTestNgTest" time="0.001">
    <failure type="java.lang.NullPointerException">java.lang.NullPointerException
	at apitest.ApiTestNgTest.TestCase(ApiTestNgTest.java:27)
</failure>
    <system-out><![CDATA[thread----main
${id}
----------
id
TestCase [type=get, url=http://www.baidu.com?pid=${id}&test=${name_g1}, params=null, header=null, result=null, check=null, correlation=null] ---- 4
]]></system-out>
  </testcase>
</testsuite>