<?xml version="1.0" encoding="utf-8" ?>
<!DOCTYPE html PUBLIC "-//W3C//DTD XHTML 1.0 Strict//EN"
        "http://www.w3.org/TR/xhtml1/DTD/xhtml1-strict.dtd">
<html xmlns="http://www.w3.org/1999/xhtml" xml:lang="" lang="">
<head>
  <title>Test Results Report - testDemo1</title>
  <meta http-equiv="Content-Type" content="text/html;charset=utf-8" />
  <meta name="description" content="TestNG unit test results." />
  <link href="reportng.css" rel="stylesheet" type="text/css" />
    <script type="text/javascript" src="reportng.js"></script>
</head>
<body>
<h1>testDemo1</h1>
<p>
  Test duration: 40.567s
</p>



  <table class="resultsTable">
    <tr><th colspan="3" class="header failed">Failed Tests</th></tr>
          <tr>
        <td colspan="3" class="group">apitest.ApiTestNgTest</td>
      </tr>
            
<tr>
  <td class="method">
                  TestCase
      </td>
  <td class="duration">
    5.003s
  </td>
  <td class="result">
        
          <i>Method arguments: </i><span class="arguments">TestCase [type=postjson, url=http://59.110.139.20:8080/goods/json2, params={"count":10}, header=token=61b3590090982a0185dda9d3bd793b46, result=null, check=null, correlation=name_*=$..name;pwd_*=$..pwd]</span><br />
    
        

        <a href="javascript:toggleElement('exception-0', 'block')" title="Click to expand/collapse"><b>http.HttpClientException: IO error,Connect to 59.110.139.20:8080 [/59.110.139.20] failed: connect timed out</b></a><br />
    <div class="stackTrace" id="exception-0">
              http.HttpUtils.doPostJson(HttpUtils.java:195)<br />
              apitest.ApiTestNgTest.TestCase(ApiTestNgTest.java:35)<br />
              sun.reflect.NativeMethodAccessorImpl.invoke0(Native Method)<br />
              sun.reflect.NativeMethodAccessorImpl.invoke(NativeMethodAccessorImpl.java:62)<br />
              sun.reflect.DelegatingMethodAccessorImpl.invoke(DelegatingMethodAccessorImpl.java:43)<br />
              java.lang.reflect.Method.invoke(Method.java:498)<br />
              org.testng.internal.MethodInvocationHelper.invokeMethod(MethodInvocationHelper.java:124)<br />
              org.testng.internal.Invoker.invokeMethod(Invoker.java:571)<br />
              org.testng.internal.Invoker.retryFailed(Invoker.java:829)<br />
              org.testng.internal.Invoker.invokeTestMethods(Invoker.java:1000)<br />
              org.testng.internal.TestMethodWorker.invokeTestMethods(TestMethodWorker.java:125)<br />
              org.testng.internal.TestMethodWorker.run(TestMethodWorker.java:109)<br />
              org.testng.TestRunner.privateRun(TestRunner.java:648)<br />
              org.testng.TestRunner.run(TestRunner.java:505)<br />
              org.testng.SuiteRunner.runTest(SuiteRunner.java:455)<br />
              org.testng.SuiteRunner.runSequentially(SuiteRunner.java:450)<br />
              org.testng.SuiteRunner.privateRun(SuiteRunner.java:415)<br />
              org.testng.SuiteRunner.run(SuiteRunner.java:364)<br />
              org.testng.SuiteRunnerWorker.runSuite(SuiteRunnerWorker.java:52)<br />
              org.testng.SuiteRunnerWorker.run(SuiteRunnerWorker.java:84)<br />
              org.testng.TestNG.runSuitesSequentially(TestNG.java:1187)<br />
              org.testng.TestNG.runSuitesLocally(TestNG.java:1116)<br />
              org.testng.TestNG.runSuites(TestNG.java:1028)<br />
              org.testng.TestNG.run(TestNG.java:996)<br />
              org.apache.maven.surefire.testng.TestNGExecutor.run(TestNGExecutor.java:283)<br />
              org.apache.maven.surefire.testng.TestNGXmlTestSuite.execute(TestNGXmlTestSuite.java:75)<br />
              org.apache.maven.surefire.testng.TestNGProvider.invoke(TestNGProvider.java:120)<br />
              org.apache.maven.surefire.booter.ForkedBooter.invokeProviderInSameClassLoader(ForkedBooter.java:373)<br />
              org.apache.maven.surefire.booter.ForkedBooter.runSuitesInProcess(ForkedBooter.java:334)<br />
              org.apache.maven.surefire.booter.ForkedBooter.execute(ForkedBooter.java:119)<br />
              org.apache.maven.surefire.booter.ForkedBooter.main(ForkedBooter.java:407)<br />
                </div>
      </td>
</tr>
<tr>
  <td class="method">
                  TestCase
      </td>
  <td class="duration">
    0.000s
  </td>
  <td class="result">
        
          <i>Method arguments: </i><span class="arguments">TestCase [type=get, url=http://www.baidu.com?pid=${id}&test=${name_g1}, params=null, header=null, result=null, check=null, correlation=null]</span><br />
    
        

        <a href="javascript:toggleElement('exception-1', 'block')" title="Click to expand/collapse"><b>java.lang.NullPointerException</b></a><br />
    <div class="stackTrace" id="exception-1">
              utils.PatternUtils.matcher(PatternUtils.java:21)<br />
              apitest.ApiTestNgTest.TestCase(ApiTestNgTest.java:27)<br />
              sun.reflect.NativeMethodAccessorImpl.invoke0(Native Method)<br />
              sun.reflect.NativeMethodAccessorImpl.invoke(NativeMethodAccessorImpl.java:62)<br />
              sun.reflect.DelegatingMethodAccessorImpl.invoke(DelegatingMethodAccessorImpl.java:43)<br />
              java.lang.reflect.Method.invoke(Method.java:498)<br />
              org.testng.internal.MethodInvocationHelper.invokeMethod(MethodInvocationHelper.java:124)<br />
              org.testng.internal.Invoker.invokeMethod(Invoker.java:571)<br />
              org.testng.internal.Invoker.retryFailed(Invoker.java:829)<br />
              org.testng.internal.Invoker.invokeTestMethods(Invoker.java:1000)<br />
              org.testng.internal.TestMethodWorker.invokeTestMethods(TestMethodWorker.java:125)<br />
              org.testng.internal.TestMethodWorker.run(TestMethodWorker.java:109)<br />
              org.testng.TestRunner.privateRun(TestRunner.java:648)<br />
              org.testng.TestRunner.run(TestRunner.java:505)<br />
              org.testng.SuiteRunner.runTest(SuiteRunner.java:455)<br />
              org.testng.SuiteRunner.runSequentially(SuiteRunner.java:450)<br />
              org.testng.SuiteRunner.privateRun(SuiteRunner.java:415)<br />
              org.testng.SuiteRunner.run(SuiteRunner.java:364)<br />
              org.testng.SuiteRunnerWorker.runSuite(SuiteRunnerWorker.java:52)<br />
              org.testng.SuiteRunnerWorker.run(SuiteRunnerWorker.java:84)<br />
              org.testng.TestNG.runSuitesSequentially(TestNG.java:1187)<br />
              org.testng.TestNG.runSuitesLocally(TestNG.java:1116)<br />
              org.testng.TestNG.runSuites(TestNG.java:1028)<br />
              org.testng.TestNG.run(TestNG.java:996)<br />
              org.apache.maven.surefire.testng.TestNGExecutor.run(TestNGExecutor.java:283)<br />
              org.apache.maven.surefire.testng.TestNGXmlTestSuite.execute(TestNGXmlTestSuite.java:75)<br />
              org.apache.maven.surefire.testng.TestNGProvider.invoke(TestNGProvider.java:120)<br />
              org.apache.maven.surefire.booter.ForkedBooter.invokeProviderInSameClassLoader(ForkedBooter.java:373)<br />
              org.apache.maven.surefire.booter.ForkedBooter.runSuitesInProcess(ForkedBooter.java:334)<br />
              org.apache.maven.surefire.booter.ForkedBooter.execute(ForkedBooter.java:119)<br />
              org.apache.maven.surefire.booter.ForkedBooter.main(ForkedBooter.java:407)<br />
                </div>
      </td>
</tr>
<tr>
  <td class="method">
                  TestCase
      </td>
  <td class="duration">
    5.002s
  </td>
  <td class="result">
        
          <i>Method arguments: </i><span class="arguments">TestCase [type=get, url=http://59.110.139.20:8080/goods/UserServlet?method=loginMobile&loginname=test1&loginpass=test1, params=null, header=token=11;user=123;, result=null, check=$.code=1, correlation=id=$.uid]</span><br />
    
        

        <a href="javascript:toggleElement('exception-2', 'block')" title="Click to expand/collapse"><b>http.HttpClientException: IO error,Connect to 59.110.139.20:8080 [/59.110.139.20] failed: connect timed out</b></a><br />
    <div class="stackTrace" id="exception-2">
              http.HttpUtils.doGet(HttpUtils.java:78)<br />
              apitest.ApiTestNgTest.TestCase(ApiTestNgTest.java:31)<br />
              sun.reflect.NativeMethodAccessorImpl.invoke0(Native Method)<br />
              sun.reflect.NativeMethodAccessorImpl.invoke(NativeMethodAccessorImpl.java:62)<br />
              sun.reflect.DelegatingMethodAccessorImpl.invoke(DelegatingMethodAccessorImpl.java:43)<br />
              java.lang.reflect.Method.invoke(Method.java:498)<br />
              org.testng.internal.MethodInvocationHelper.invokeMethod(MethodInvocationHelper.java:124)<br />
              org.testng.internal.Invoker.invokeMethod(Invoker.java:571)<br />
              org.testng.internal.Invoker.retryFailed(Invoker.java:829)<br />
              org.testng.internal.Invoker.invokeTestMethods(Invoker.java:1000)<br />
              org.testng.internal.TestMethodWorker.invokeTestMethods(TestMethodWorker.java:125)<br />
              org.testng.internal.TestMethodWorker.run(TestMethodWorker.java:109)<br />
              org.testng.TestRunner.privateRun(TestRunner.java:648)<br />
              org.testng.TestRunner.run(TestRunner.java:505)<br />
              org.testng.SuiteRunner.runTest(SuiteRunner.java:455)<br />
              org.testng.SuiteRunner.runSequentially(SuiteRunner.java:450)<br />
              org.testng.SuiteRunner.privateRun(SuiteRunner.java:415)<br />
              org.testng.SuiteRunner.run(SuiteRunner.java:364)<br />
              org.testng.SuiteRunnerWorker.runSuite(SuiteRunnerWorker.java:52)<br />
              org.testng.SuiteRunnerWorker.run(SuiteRunnerWorker.java:84)<br />
              org.testng.TestNG.runSuitesSequentially(TestNG.java:1187)<br />
              org.testng.TestNG.runSuitesLocally(TestNG.java:1116)<br />
              org.testng.TestNG.runSuites(TestNG.java:1028)<br />
              org.testng.TestNG.run(TestNG.java:996)<br />
              org.apache.maven.surefire.testng.TestNGExecutor.run(TestNGExecutor.java:283)<br />
              org.apache.maven.surefire.testng.TestNGXmlTestSuite.execute(TestNGXmlTestSuite.java:75)<br />
              org.apache.maven.surefire.testng.TestNGProvider.invoke(TestNGProvider.java:120)<br />
              org.apache.maven.surefire.booter.ForkedBooter.invokeProviderInSameClassLoader(ForkedBooter.java:373)<br />
              org.apache.maven.surefire.booter.ForkedBooter.runSuitesInProcess(ForkedBooter.java:334)<br />
              org.apache.maven.surefire.booter.ForkedBooter.execute(ForkedBooter.java:119)<br />
              org.apache.maven.surefire.booter.ForkedBooter.main(ForkedBooter.java:407)<br />
                </div>
      </td>
</tr>
      </table>

  <table class="resultsTable" width="100%">
    <tr><th colspan="3" class="header skipped">Skipped Tests</th></tr>
          <tr>
        <td colspan="3" class="group">apitest.ApiTestNgTest</td>
      </tr>
            
<tr>
  <td class="method">
                  TestCase
      </td>
  <td class="duration">
    0.000s
  </td>
  <td class="result">
                               
          <i>Method arguments: </i><span class="arguments">TestCase [type=get, url=http://www.baidu.com?pid=${id}&test=${name_g1}, params=null, header=null, result=null, check=null, correlation=null]</span><br />
    
            <div class="testOutput">
                        方法&lt;TestCase&gt;执行失败，重试第3次<br />
                  </div>
    

      </td>
</tr>
<tr>
  <td class="method">
                  TestCase
      </td>
  <td class="duration">
    0.002s
  </td>
  <td class="result">
                               
          <i>Method arguments: </i><span class="arguments">TestCase [type=get, url=http://www.baidu.com?pid=${id}&test=${name_g1}, params=null, header=null, result=null, check=null, correlation=null]</span><br />
    
            <div class="testOutput">
                        方法&lt;TestCase&gt;执行失败，重试第1次<br />
                  </div>
    

      </td>
</tr>
<tr>
  <td class="method">
                  TestCase
      </td>
  <td class="duration">
    5.015s
  </td>
  <td class="result">
                               
          <i>Method arguments: </i><span class="arguments">TestCase [type=postjson, url=http://59.110.139.20:8080/goods/json2, params={"count":10}, header=token=61b3590090982a0185dda9d3bd793b46, result=null, check=null, correlation=name_*=$..name;pwd_*=$..pwd]</span><br />
    
            <div class="testOutput">
                        方法&lt;TestCase&gt;执行失败，重试第1次<br />
                  </div>
    

      </td>
</tr>
<tr>
  <td class="method">
                  TestCase
      </td>
  <td class="duration">
    5.534s
  </td>
  <td class="result">
                               
          <i>Method arguments: </i><span class="arguments">TestCase [type=get, url=http://59.110.139.20:8080/goods/UserServlet?method=loginMobile&loginname=test1&loginpass=test1, params=null, header=token=11;user=123;, result=null, check=$.code=1, correlation=id=$.uid]</span><br />
    
            <div class="testOutput">
                        方法&lt;TestCase&gt;执行失败，重试第1次<br />
                  </div>
    

      </td>
</tr>
<tr>
  <td class="method">
                  TestCase
      </td>
  <td class="duration">
    0.001s
  </td>
  <td class="result">
                               
          <i>Method arguments: </i><span class="arguments">TestCase [type=get, url=http://www.baidu.com?pid=${id}&test=${name_g1}, params=null, header=null, result=null, check=null, correlation=null]</span><br />
    
            <div class="testOutput">
                        方法&lt;TestCase&gt;执行失败，重试第2次<br />
                  </div>
    

      </td>
</tr>
<tr>
  <td class="method">
                  TestCase
      </td>
  <td class="duration">
    5.002s
  </td>
  <td class="result">
                               
          <i>Method arguments: </i><span class="arguments">TestCase [type=get, url=http://59.110.139.20:8080/goods/UserServlet?method=loginMobile&loginname=test1&loginpass=test1, params=null, header=token=11;user=123;, result=null, check=$.code=1, correlation=id=$.uid]</span><br />
    
            <div class="testOutput">
                        方法&lt;TestCase&gt;执行失败，重试第3次<br />
                  </div>
    

      </td>
</tr>
<tr>
  <td class="method">
                  TestCase
      </td>
  <td class="duration">
    5.003s
  </td>
  <td class="result">
                               
          <i>Method arguments: </i><span class="arguments">TestCase [type=postjson, url=http://59.110.139.20:8080/goods/json2, params={"count":10}, header=token=61b3590090982a0185dda9d3bd793b46, result=null, check=null, correlation=name_*=$..name;pwd_*=$..pwd]</span><br />
    
            <div class="testOutput">
                        方法&lt;TestCase&gt;执行失败，重试第3次<br />
                  </div>
    

      </td>
</tr>
<tr>
  <td class="method">
                  TestCase
      </td>
  <td class="duration">
    5.003s
  </td>
  <td class="result">
                               
          <i>Method arguments: </i><span class="arguments">TestCase [type=get, url=http://59.110.139.20:8080/goods/UserServlet?method=loginMobile&loginname=test1&loginpass=test1, params=null, header=token=11;user=123;, result=null, check=$.code=1, correlation=id=$.uid]</span><br />
    
            <div class="testOutput">
                        方法&lt;TestCase&gt;执行失败，重试第2次<br />
                  </div>
    

      </td>
</tr>
<tr>
  <td class="method">
                  TestCase
      </td>
  <td class="duration">
    5.002s
  </td>
  <td class="result">
                               
          <i>Method arguments: </i><span class="arguments">TestCase [type=postjson, url=http://59.110.139.20:8080/goods/json2, params={"count":10}, header=token=61b3590090982a0185dda9d3bd793b46, result=null, check=null, correlation=name_*=$..name;pwd_*=$..pwd]</span><br />
    
            <div class="testOutput">
                        方法&lt;TestCase&gt;执行失败，重试第2次<br />
                  </div>
    

      </td>
</tr>
      </table>

  
</body>
</html>
